2025-01-10 16:12:21 - showイベント
2025-01-10 16:12:21 - フォームサイズ: 幅=522, 高さ=662
2025-01-10 16:12:21 - 背景の位置: X=76, Y=76
2025-01-10 16:12:21 - アプリタイトル（freemake）の位置: X=12, Y=54
2025-01-10 16:12:21 - 数量ラベルの位置: X=12, Y=107
2025-01-10 16:12:21 - 数量テキストボックスの位置: X=121, Y=104
2025-01-10 16:12:21 - ＋ボタンの位置: X=246, Y=104
2025-01-10 16:12:21 - －ボタンの位置: X=364, Y=104
2025-01-10 16:12:21 - 時刻ラベルの位置: X=40, Y=183

2025-01-10 16:15:40 - showイベント
2025-01-10 16:15:40 - フォームサイズ: 幅=522, 高さ=662
2025-01-10 16:15:40 - 背景の位置: X=114, Y=114
2025-01-10 16:15:40 - アプリタイトル（freemake）の位置: X=12, Y=54
2025-01-10 16:15:40 - 数量ラベルの位置: X=12, Y=107
2025-01-10 16:15:40 - 数量テキストボックスの位置: X=121, Y=104
2025-01-10 16:15:40 - ＋ボタンの位置: X=246, Y=104
2025-01-10 16:15:40 - －ボタンの位置: X=364, Y=104
2025-01-10 16:15:40 - 時刻ラベルの位置: X=40, Y=183

2025-01-10 16:15:45 - showイベント
2025-01-10 16:15:45 - フォームサイズ: 幅=522, 高さ=662
2025-01-10 16:15:45 - 背景の位置: X=152, Y=152
2025-01-10 16:15:45 - アプリタイトル（freemake）の位置: X=12, Y=54
2025-01-10 16:15:45 - 数量ラベルの位置: X=12, Y=107
2025-01-10 16:15:45 - 数量テキストボックスの位置: X=121, Y=104
2025-01-10 16:15:45 - ＋ボタンの位置: X=246, Y=104
2025-01-10 16:15:45 - －ボタンの位置: X=364, Y=104
2025-01-10 16:15:45 - 時刻ラベルの位置: X=40, Y=183

2025-01-10 16:17:38 - showイベント
2025-01-10 16:17:38 - フォームサイズ: 幅=522, 高さ=662
2025-01-10 16:17:38 - 背景の位置: X=190, Y=190
2025-01-10 16:17:38 - アプリタイトル（freemake）の位置: X=12, Y=54
2025-01-10 16:17:38 - 数量ラベルの位置: X=12, Y=107
2025-01-10 16:17:38 - 数量テキストボックスの位置: X=121, Y=104
2025-01-10 16:17:38 - ＋ボタンの位置: X=246, Y=104
2025-01-10 16:17:38 - －ボタンの位置: X=364, Y=104
2025-01-10 16:17:38 - 時刻ラベルの位置: X=40, Y=183

2025-01-10 16:33:43 - 実行後の呼ばれるログ
2025-01-10 16:33:43 - フォームサイズ: 幅=522, 高さ=662
2025-01-10 16:33:43 - 背景の位置: X=114, Y=114
2025-01-10 16:33:43 - アプリタイトル（freemake）の位置: X=12, Y=54
2025-01-10 16:33:43 - 数量ラベルの位置: X=12, Y=107
2025-01-10 16:33:43 - 数量テキストボックスの位置: X=121, Y=104
2025-01-10 16:33:43 - ＋ボタンの位置: X=246, Y=104
2025-01-10 16:33:43 - －ボタンの位置: X=364, Y=104
2025-01-10 16:33:43 - 時刻ラベルの位置: X=40, Y=183

2025-01-10 16:33:44 - 画面終了後に呼ばれるログ
2025-01-10 16:33:44 - フォームサイズ: 幅=522, 高さ=662
2025-01-10 16:33:44 - 背景の位置: X=114, Y=114
2025-01-10 16:33:44 - アプリタイトル（freemake）の位置: X=12, Y=54
2025-01-10 16:33:44 - 数量ラベルの位置: X=12, Y=107
2025-01-10 16:33:44 - 数量テキストボックスの位置: X=121, Y=104
2025-01-10 16:33:44 - ＋ボタンの位置: X=246, Y=104
2025-01-10 16:33:44 - －ボタンの位置: X=364, Y=104
2025-01-10 16:33:44 - 時刻ラベルの位置: X=40, Y=183

2025-01-10 16:47:13 - 実行後の呼ばれるログ
2025-01-10 16:47:13 - フォームサイズ: 幅=522, 高さ=662
2025-01-10 16:47:13 - 背景の位置: X=152, Y=152
2025-01-10 16:47:13 - アプリタイトル（freemake）の位置: X=12, Y=54
2025-01-10 16:47:13 - 数量ラベルの位置: X=12, Y=107
2025-01-10 16:47:13 - 数量テキストボックスの位置: X=121, Y=104
2025-01-10 16:47:13 - ＋ボタンの位置: X=246, Y=104
2025-01-10 16:47:13 - －ボタンの位置: X=364, Y=104
2025-01-10 16:47:13 - 時刻ラベルの位置: X=40, Y=183

2025-01-10 16:47:17 - 画面終了後に呼ばれるログ
2025-01-10 16:47:17 - フォームサイズ: 幅=522, 高さ=662
2025-01-10 16:47:17 - 背景の位置: X=152, Y=152
2025-01-10 16:47:17 - アプリタイトル（freemake）の位置: X=12, Y=54
2025-01-10 16:47:17 - 数量ラベルの位置: X=12, Y=107
2025-01-10 16:47:17 - 数量テキストボックスの位置: X=121, Y=104
2025-01-10 16:47:17 - ＋ボタンの位置: X=246, Y=104
2025-01-10 16:47:17 - －ボタンの位置: X=364, Y=104
2025-01-10 16:47:17 - 時刻ラベルの位置: X=40, Y=183

2025-01-10 16:48:20 - 実行後の呼ばれるログ
2025-01-10 16:48:20 - フォームサイズ: 幅=522, 高さ=662
2025-01-10 16:48:20 - 背景の位置: X=38, Y=38
2025-01-10 16:48:20 - アプリタイトル（freemake）の位置: X=12, Y=54
2025-01-10 16:48:20 - 数量ラベルの位置: X=12, Y=107
2025-01-10 16:48:20 - 数量テキストボックスの位置: X=121, Y=104
2025-01-10 16:48:20 - ＋ボタンの位置: X=246, Y=104
2025-01-10 16:48:20 - －ボタンの位置: X=364, Y=104
2025-01-10 16:48:20 - 時刻ラベルの位置: X=40, Y=183

2025-01-10 16:48:26 - 画面終了後に呼ばれるログ
2025-01-10 16:48:26 - フォームサイズ: 幅=522, 高さ=662
2025-01-10 16:48:26 - 背景の位置: X=38, Y=38
2025-01-10 16:48:26 - アプリタイトル（freemake）の位置: X=12, Y=54
2025-01-10 16:48:26 - 数量ラベルの位置: X=12, Y=107
2025-01-10 16:48:26 - 数量テキストボックスの位置: X=121, Y=104
2025-01-10 16:48:26 - ＋ボタンの位置: X=246, Y=104
2025-01-10 16:48:26 - －ボタンの位置: X=364, Y=104
2025-01-10 16:48:26 - 時刻ラベルの位置: X=40, Y=183

2025-01-10 16:50:53 - 実行後の呼ばれるログ
2025-01-10 16:50:53 - フォームサイズ: 幅=522, 高さ=662
2025-01-10 16:50:53 - 背景の位置: X=76, Y=76
2025-01-10 16:50:53 - アプリタイトル（freemake）の位置: X=12, Y=54
2025-01-10 16:50:53 - 数量ラベルの位置: X=12, Y=107
2025-01-10 16:50:53 - 数量テキストボックスの位置: X=121, Y=104
2025-01-10 16:50:53 - ＋ボタンの位置: X=246, Y=104
2025-01-10 16:50:53 - －ボタンの位置: X=364, Y=104
2025-01-10 16:50:53 - 時刻ラベルの位置: X=40, Y=183

2025-01-10 16:51:03 - 画面終了後に呼ばれるログ
2025-01-10 16:51:03 - フォームサイズ: 幅=522, 高さ=662
2025-01-10 16:51:03 - 背景の位置: X=76, Y=76
2025-01-10 16:51:03 - アプリタイトル（freemake）の位置: X=12, Y=54
2025-01-10 16:51:03 - 数量ラベルの位置: X=12, Y=107
2025-01-10 16:51:03 - 数量テキストボックスの位置: X=121, Y=104
2025-01-10 16:51:03 - ＋ボタンの位置: X=246, Y=104
2025-01-10 16:51:03 - －ボタンの位置: X=364, Y=104
2025-01-10 16:51:03 - 時刻ラベルの位置: X=40, Y=183

2025-01-10 16:52:12 - 実行後の呼ばれるログ
2025-01-10 16:52:12 - フォームサイズ: 幅=522, 高さ=662
2025-01-10 16:52:12 - 背景の位置: X=152, Y=152
2025-01-10 16:52:12 - アプリタイトル（freemake）の位置: X=12, Y=54
2025-01-10 16:52:12 - 数量ラベルの位置: X=12, Y=107
2025-01-10 16:52:12 - 数量テキストボックスの位置: X=121, Y=104
2025-01-10 16:52:12 - ＋ボタンの位置: X=246, Y=104
2025-01-10 16:52:12 - －ボタンの位置: X=364, Y=104
2025-01-10 16:52:12 - 時刻ラベルの位置: X=40, Y=183

2025-01-10 16:52:18 - 画面終了後に呼ばれるログ
2025-01-10 16:52:18 - フォームサイズ: 幅=522, 高さ=662
2025-01-10 16:52:18 - 背景の位置: X=152, Y=152
2025-01-10 16:52:18 - アプリタイトル（freemake）の位置: X=12, Y=54
2025-01-10 16:52:18 - 数量ラベルの位置: X=12, Y=107
2025-01-10 16:52:18 - 数量テキストボックスの位置: X=121, Y=104
2025-01-10 16:52:18 - ＋ボタンの位置: X=246, Y=104
2025-01-10 16:52:18 - －ボタンの位置: X=364, Y=104
2025-01-10 16:52:18 - 時刻ラベルの位置: X=40, Y=183

2025-01-10 16:53:27 - 実行後の呼ばれるログ
2025-01-10 16:53:27 - フォームサイズ: 幅=522, 高さ=662
2025-01-10 16:53:27 - 背景の位置: X=228, Y=228
2025-01-10 16:53:27 - アプリタイトル（freemake）の位置: X=12, Y=54
2025-01-10 16:53:27 - 数量ラベルの位置: X=12, Y=107
2025-01-10 16:53:27 - 数量テキストボックスの位置: X=121, Y=104
2025-01-10 16:53:27 - ＋ボタンの位置: X=246, Y=104
2025-01-10 16:53:27 - －ボタンの位置: X=364, Y=104
2025-01-10 16:53:27 - 時刻ラベルの位置: X=40, Y=183

2025-01-10 16:53:36 - 画面終了後に呼ばれるログ
2025-01-10 16:53:36 - フォームサイズ: 幅=522, 高さ=662
2025-01-10 16:53:36 - 背景の位置: X=228, Y=228
2025-01-10 16:53:36 - アプリタイトル（freemake）の位置: X=12, Y=54
2025-01-10 16:53:36 - 数量ラベルの位置: X=12, Y=107
2025-01-10 16:53:36 - 数量テキストボックスの位置: X=121, Y=104
2025-01-10 16:53:36 - ＋ボタンの位置: X=246, Y=104
2025-01-10 16:53:36 - －ボタンの位置: X=364, Y=104
2025-01-10 16:53:36 - 時刻ラベルの位置: X=40, Y=183

2025-01-10 16:54:08 - 実行後の呼ばれるログ
2025-01-10 16:54:08 - フォームサイズ: 幅=522, 高さ=662
2025-01-10 16:54:08 - 背景の位置: X=76, Y=76
2025-01-10 16:54:08 - アプリタイトル（freemake）の位置: X=12, Y=54
2025-01-10 16:54:08 - 数量ラベルの位置: X=12, Y=107
2025-01-10 16:54:08 - 数量テキストボックスの位置: X=121, Y=104
2025-01-10 16:54:08 - ＋ボタンの位置: X=246, Y=104
2025-01-10 16:54:08 - －ボタンの位置: X=364, Y=104
2025-01-10 16:54:08 - 時刻ラベルの位置: X=40, Y=183

2025-01-10 16:54:17 - 画面終了後に呼ばれるログ
2025-01-10 16:54:17 - フォームサイズ: 幅=522, 高さ=662
2025-01-10 16:54:17 - 背景の位置: X=76, Y=76
2025-01-10 16:54:17 - アプリタイトル（freemake）の位置: X=12, Y=54
2025-01-10 16:54:17 - 数量ラベルの位置: X=12, Y=107
2025-01-10 16:54:17 - 数量テキストボックスの位置: X=121, Y=104
2025-01-10 16:54:17 - ＋ボタンの位置: X=246, Y=104
2025-01-10 16:54:17 - －ボタンの位置: X=364, Y=104
2025-01-10 16:54:17 - 時刻ラベルの位置: X=40, Y=183

2025-01-10 16:54:51 - 実行後の呼ばれるログ
2025-01-10 16:54:51 - フォームサイズ: 幅=522, 高さ=662
2025-01-10 16:54:51 - 背景の位置: X=114, Y=114
2025-01-10 16:54:51 - アプリタイトル（freemake）の位置: X=12, Y=54
2025-01-10 16:54:51 - 数量ラベルの位置: X=12, Y=107
2025-01-10 16:54:51 - 数量テキストボックスの位置: X=121, Y=104
2025-01-10 16:54:51 - ＋ボタンの位置: X=246, Y=104
2025-01-10 16:54:51 - －ボタンの位置: X=364, Y=104
2025-01-10 16:54:51 - 時刻ラベルの位置: X=40, Y=183

2025-01-10 16:54:55 - 画面終了後に呼ばれるログ
2025-01-10 16:54:55 - フォームサイズ: 幅=522, 高さ=662
2025-01-10 16:54:55 - 背景の位置: X=114, Y=114
2025-01-10 16:54:55 - アプリタイトル（freemake）の位置: X=12, Y=54
2025-01-10 16:54:55 - 数量ラベルの位置: X=12, Y=107
2025-01-10 16:54:55 - 数量テキストボックスの位置: X=121, Y=104
2025-01-10 16:54:55 - ＋ボタンの位置: X=246, Y=104
2025-01-10 16:54:55 - －ボタンの位置: X=364, Y=104
2025-01-10 16:54:55 - 時刻ラベルの位置: X=40, Y=183

2025-01-10 16:55:39 - 実行後の呼ばれるログ
2025-01-10 16:55:39 - フォームサイズ: 幅=522, 高さ=662
2025-01-10 16:55:39 - 背景の位置: X=190, Y=190
2025-01-10 16:55:39 - アプリタイトル（freemake）の位置: X=12, Y=54
2025-01-10 16:55:39 - 数量ラベルの位置: X=12, Y=107
2025-01-10 16:55:39 - 数量テキストボックスの位置: X=121, Y=104
2025-01-10 16:55:39 - ＋ボタンの位置: X=246, Y=104
2025-01-10 16:55:39 - －ボタンの位置: X=364, Y=104
2025-01-10 16:55:39 - 時刻ラベルの位置: X=40, Y=183

2025-01-10 16:56:34 - 画面終了後に呼ばれるログ
2025-01-10 16:56:34 - フォームサイズ: 幅=522, 高さ=662
2025-01-10 16:56:34 - 背景の位置: X=190, Y=190
2025-01-10 16:56:34 - アプリタイトル（freemake）の位置: X=12, Y=54
2025-01-10 16:56:34 - 数量ラベルの位置: X=12, Y=107
2025-01-10 16:56:34 - 数量テキストボックスの位置: X=121, Y=104
2025-01-10 16:56:34 - ＋ボタンの位置: X=246, Y=104
2025-01-10 16:56:34 - －ボタンの位置: X=364, Y=104
2025-01-10 16:56:34 - 時刻ラベルの位置: X=40, Y=183

2025-01-10 16:56:36 - 実行後の呼ばれるログ
2025-01-10 16:56:36 - フォームサイズ: 幅=522, 高さ=662
2025-01-10 16:56:36 - 背景の位置: X=228, Y=228
2025-01-10 16:56:36 - アプリタイトル（freemake）の位置: X=17, Y=59
2025-01-10 16:56:36 - 数量ラベルの位置: X=17, Y=112
2025-01-10 16:56:36 - 数量テキストボックスの位置: X=121, Y=104
2025-01-10 16:56:36 - ＋ボタンの位置: X=246, Y=104
2025-01-10 16:56:36 - －ボタンの位置: X=364, Y=104
2025-01-10 16:56:36 - 時刻ラベルの位置: X=45, Y=188

2025-01-10 16:56:40 - 画面終了後に呼ばれるログ
2025-01-10 16:56:40 - フォームサイズ: 幅=522, 高さ=662
2025-01-10 16:56:40 - 背景の位置: X=228, Y=228
2025-01-10 16:56:40 - アプリタイトル（freemake）の位置: X=17, Y=59
2025-01-10 16:56:40 - 数量ラベルの位置: X=17, Y=112
2025-01-10 16:56:40 - 数量テキストボックスの位置: X=121, Y=104
2025-01-10 16:56:40 - ＋ボタンの位置: X=246, Y=104
2025-01-10 16:56:40 - －ボタンの位置: X=364, Y=104
2025-01-10 16:56:40 - 時刻ラベルの位置: X=45, Y=188

2025-01-10 16:57:28 - 実行後の呼ばれるログ
2025-01-10 16:57:28 - フォームサイズ: 幅=522, 高さ=662
2025-01-10 16:57:28 - 背景の位置: X=76, Y=76
2025-01-10 16:57:28 - アプリタイトル（freemake）の位置: X=17, Y=59
2025-01-10 16:57:28 - 数量ラベルの位置: X=17, Y=112
2025-01-10 16:57:28 - 数量テキストボックスの位置: X=121, Y=104
2025-01-10 16:57:28 - ＋ボタンの位置: X=246, Y=104
2025-01-10 16:57:28 - －ボタンの位置: X=364, Y=104
2025-01-10 16:57:28 - 時刻ラベルの位置: X=45, Y=188

2025-01-10 16:57:36 - 画面終了後に呼ばれるログ
2025-01-10 16:57:36 - フォームサイズ: 幅=522, 高さ=662
2025-01-10 16:57:36 - 背景の位置: X=76, Y=76
2025-01-10 16:57:36 - アプリタイトル（freemake）の位置: X=17, Y=59
2025-01-10 16:57:36 - 数量ラベルの位置: X=17, Y=112
2025-01-10 16:57:36 - 数量テキストボックスの位置: X=121, Y=104
2025-01-10 16:57:36 - ＋ボタンの位置: X=246, Y=104
2025-01-10 16:57:36 - －ボタンの位置: X=364, Y=104
2025-01-10 16:57:36 - 時刻ラベルの位置: X=45, Y=188

2025-01-10 17:00:18 - 実行後の呼ばれるログ
2025-01-10 17:00:18 - フォームサイズ: 幅=522, 高さ=662
2025-01-10 17:00:18 - 背景の位置: X=699, Y=156
2025-01-10 17:00:18 - アプリタイトル（freemake）の位置: X=12, Y=54
2025-01-10 17:00:18 - 数量ラベルの位置: X=12, Y=107
2025-01-10 17:00:18 - 数量テキストボックスの位置: X=121, Y=104
2025-01-10 17:00:18 - ＋ボタンの位置: X=246, Y=104
2025-01-10 17:00:18 - －ボタンの位置: X=364, Y=104
2025-01-10 17:00:18 - 時刻ラベルの位置: X=40, Y=183

2025-01-10 17:00:39 - 画面終了後に呼ばれるログ
2025-01-10 17:00:39 - フォームサイズ: 幅=522, 高さ=662
2025-01-10 17:00:39 - 背景の位置: X=699, Y=156
2025-01-10 17:00:39 - アプリタイトル（freemake）の位置: X=12, Y=54
2025-01-10 17:00:39 - 数量ラベルの位置: X=12, Y=107
2025-01-10 17:00:39 - 数量テキストボックスの位置: X=121, Y=104
2025-01-10 17:00:39 - ＋ボタンの位置: X=246, Y=104
2025-01-10 17:00:39 - －ボタンの位置: X=364, Y=104
2025-01-10 17:00:39 - 時刻ラベルの位置: X=40, Y=183

2025-01-10 17:01:23 - 実行後の呼ばれるログ
2025-01-10 17:01:23 - フォームサイズ: 幅=522, 高さ=662
2025-01-10 17:01:23 - 背景の位置: X=699, Y=156
2025-01-10 17:01:23 - アプリタイトル（freemake）の位置: X=12, Y=54
2025-01-10 17:01:23 - 数量ラベルの位置: X=12, Y=107
2025-01-10 17:01:23 - 数量テキストボックスの位置: X=121, Y=104
2025-01-10 17:01:23 - ＋ボタンの位置: X=246, Y=104
2025-01-10 17:01:23 - －ボタンの位置: X=364, Y=104
2025-01-10 17:01:23 - 時刻ラベルの位置: X=40, Y=183

2025-01-10 17:01:27 - 画面終了後に呼ばれるログ
2025-01-10 17:01:27 - フォームサイズ: 幅=522, 高さ=662
2025-01-10 17:01:27 - 背景の位置: X=699, Y=156
2025-01-10 17:01:27 - アプリタイトル（freemake）の位置: X=12, Y=54
2025-01-10 17:01:27 - 数量ラベルの位置: X=12, Y=107
2025-01-10 17:01:27 - 数量テキストボックスの位置: X=121, Y=104
2025-01-10 17:01:27 - ＋ボタンの位置: X=246, Y=104
2025-01-10 17:01:27 - －ボタンの位置: X=364, Y=104
2025-01-10 17:01:27 - 時刻ラベルの位置: X=40, Y=183

2025-01-10 17:02:42 - 実行後の呼ばれるログ
2025-01-10 17:02:42 - フォームサイズ: 幅=522, 高さ=662
2025-01-10 17:02:42 - 背景の位置: X=699, Y=156
2025-01-10 17:02:42 - アプリタイトル（freemake）の位置: X=12, Y=54
2025-01-10 17:02:42 - 数量ラベルの位置: X=12, Y=107
2025-01-10 17:02:42 - 数量テキストボックスの位置: X=121, Y=104
2025-01-10 17:02:42 - ＋ボタンの位置: X=246, Y=104
2025-01-10 17:02:42 - －ボタンの位置: X=364, Y=104
2025-01-10 17:02:42 - 時刻ラベルの位置: X=40, Y=183

2025-01-10 17:02:47 - 画面終了後に呼ばれるログ
2025-01-10 17:02:47 - フォームサイズ: 幅=522, 高さ=662
2025-01-10 17:02:47 - 背景の位置: X=699, Y=156
2025-01-10 17:02:47 - アプリタイトル（freemake）の位置: X=12, Y=54
2025-01-10 17:02:47 - 数量ラベルの位置: X=12, Y=107
2025-01-10 17:02:47 - 数量テキストボックスの位置: X=121, Y=104
2025-01-10 17:02:47 - ＋ボタンの位置: X=246, Y=104
2025-01-10 17:02:47 - －ボタンの位置: X=364, Y=104
2025-01-10 17:02:47 - 時刻ラベルの位置: X=40, Y=183

2025-01-10 17:02:57 - 実行後の呼ばれるログ
2025-01-10 17:02:57 - フォームサイズ: 幅=522, 高さ=662
2025-01-10 17:02:57 - 背景の位置: X=699, Y=173
2025-01-10 17:02:57 - アプリタイトル（freemake）の位置: X=12, Y=54
2025-01-10 17:02:57 - 数量ラベルの位置: X=12, Y=107
2025-01-10 17:02:57 - 数量テキストボックスの位置: X=121, Y=104
2025-01-10 17:02:57 - ＋ボタンの位置: X=246, Y=104
2025-01-10 17:02:57 - －ボタンの位置: X=364, Y=104
2025-01-10 17:02:57 - 時刻ラベルの位置: X=40, Y=183

2025-01-10 17:03:02 - 画面終了後に呼ばれるログ
2025-01-10 17:03:02 - フォームサイズ: 幅=522, 高さ=662
2025-01-10 17:03:02 - 背景の位置: X=587, Y=218
2025-01-10 17:03:02 - アプリタイトル（freemake）の位置: X=12, Y=54
2025-01-10 17:03:02 - 数量ラベルの位置: X=12, Y=107
2025-01-10 17:03:02 - 数量テキストボックスの位置: X=121, Y=104
2025-01-10 17:03:02 - ＋ボタンの位置: X=246, Y=104
2025-01-10 17:03:02 - －ボタンの位置: X=364, Y=104
2025-01-10 17:03:02 - 時刻ラベルの位置: X=40, Y=183

2025-01-10 17:04:09 - 実行後の呼ばれるログ
2025-01-10 17:04:09 - フォームサイズ: 幅=522, 高さ=662
2025-01-10 17:04:09 - 背景の位置: X=699, Y=173
2025-01-10 17:04:09 - アプリタイトル（freemake）の位置: X=12, Y=54
2025-01-10 17:04:09 - 数量ラベルの位置: X=12, Y=107
2025-01-10 17:04:09 - 数量テキストボックスの位置: X=121, Y=104
2025-01-10 17:04:09 - ＋ボタンの位置: X=246, Y=104
2025-01-10 17:04:09 - －ボタンの位置: X=364, Y=104
2025-01-10 17:04:09 - 時刻ラベルの位置: X=40, Y=183

2025-01-10 17:04:15 - 画面終了後に呼ばれるログ
2025-01-10 17:04:15 - フォームサイズ: 幅=522, 高さ=662
2025-01-10 17:04:15 - 背景の位置: X=301, Y=114
2025-01-10 17:04:15 - アプリタイトル（freemake）の位置: X=12, Y=54
2025-01-10 17:04:15 - 数量ラベルの位置: X=12, Y=107
2025-01-10 17:04:15 - 数量テキストボックスの位置: X=121, Y=104
2025-01-10 17:04:15 - ＋ボタンの位置: X=246, Y=104
2025-01-10 17:04:15 - －ボタンの位置: X=364, Y=104
2025-01-10 17:04:15 - 時刻ラベルの位置: X=40, Y=183

2025-01-14 10:22:18 - 実行後の呼ばれるログ
2025-01-14 10:22:18 - フォームサイズ: 幅=522, 高さ=662
2025-01-14 10:22:18 - 背景の位置: X=699, Y=173
2025-01-14 10:22:18 - アプリタイトル（freemake）の位置: X=12, Y=54
2025-01-14 10:22:18 - 数量ラベルの位置: X=12, Y=107
2025-01-14 10:22:18 - 数量テキストボックスの位置: X=121, Y=104
2025-01-14 10:22:18 - ＋ボタンの位置: X=246, Y=104
2025-01-14 10:22:18 - －ボタンの位置: X=364, Y=104
2025-01-14 10:22:18 - 時刻ラベルの位置: X=40, Y=183

2025-01-14 10:22:28 - 画面終了後に呼ばれるログ
2025-01-14 10:22:28 - フォームサイズ: 幅=522, 高さ=662
2025-01-14 10:22:28 - 背景の位置: X=489, Y=74
2025-01-14 10:22:28 - アプリタイトル（freemake）の位置: X=12, Y=54
2025-01-14 10:22:28 - 数量ラベルの位置: X=12, Y=107
2025-01-14 10:22:28 - 数量テキストボックスの位置: X=121, Y=104
2025-01-14 10:22:28 - ＋ボタンの位置: X=246, Y=104
2025-01-14 10:22:28 - －ボタンの位置: X=364, Y=104
2025-01-14 10:22:28 - 時刻ラベルの位置: X=40, Y=183

2025-01-14 10:22:50 - 実行後の呼ばれるログ
2025-01-14 10:22:50 - フォームサイズ: 幅=522, 高さ=662
2025-01-14 10:22:50 - 背景の位置: X=699, Y=173
2025-01-14 10:22:50 - アプリタイトル（freemake）の位置: X=12, Y=54
2025-01-14 10:22:50 - 数量ラベルの位置: X=12, Y=107
2025-01-14 10:22:50 - 数量テキストボックスの位置: X=121, Y=104
2025-01-14 10:22:50 - ＋ボタンの位置: X=246, Y=104
2025-01-14 10:22:50 - －ボタンの位置: X=364, Y=104
2025-01-14 10:22:50 - 時刻ラベルの位置: X=40, Y=183

2025-01-14 10:22:57 - 画面終了後に呼ばれるログ
2025-01-14 10:22:57 - フォームサイズ: 幅=522, 高さ=662
2025-01-14 10:22:57 - 背景の位置: X=699, Y=173
2025-01-14 10:22:57 - アプリタイトル（freemake）の位置: X=12, Y=54
2025-01-14 10:22:57 - 数量ラベルの位置: X=12, Y=107
2025-01-14 10:22:57 - 数量テキストボックスの位置: X=121, Y=104
2025-01-14 10:22:57 - ＋ボタンの位置: X=246, Y=104
2025-01-14 10:22:57 - －ボタンの位置: X=364, Y=104
2025-01-14 10:22:57 - 時刻ラベルの位置: X=40, Y=183

2025-01-14 10:23:06 - 実行後の呼ばれるログ
2025-01-14 10:23:06 - フォームサイズ: 幅=522, 高さ=662
2025-01-14 10:23:06 - 背景の位置: X=699, Y=173
2025-01-14 10:23:06 - アプリタイトル（freemake）の位置: X=12, Y=54
2025-01-14 10:23:06 - 数量ラベルの位置: X=12, Y=107
2025-01-14 10:23:06 - 数量テキストボックスの位置: X=121, Y=104
2025-01-14 10:23:06 - ＋ボタンの位置: X=246, Y=104
2025-01-14 10:23:06 - －ボタンの位置: X=364, Y=104
2025-01-14 10:23:06 - 時刻ラベルの位置: X=40, Y=183

2025-01-14 10:23:08 - 画面終了後に呼ばれるログ
2025-01-14 10:23:08 - フォームサイズ: 幅=522, 高さ=662
2025-01-14 10:23:08 - 背景の位置: X=699, Y=173
2025-01-14 10:23:08 - アプリタイトル（freemake）の位置: X=12, Y=54
2025-01-14 10:23:08 - 数量ラベルの位置: X=12, Y=107
2025-01-14 10:23:08 - 数量テキストボックスの位置: X=121, Y=104
2025-01-14 10:23:08 - ＋ボタンの位置: X=246, Y=104
2025-01-14 10:23:08 - －ボタンの位置: X=364, Y=104
2025-01-14 10:23:08 - 時刻ラベルの位置: X=40, Y=183

2025-01-14 10:23:39 - 実行後の呼ばれるログ
2025-01-14 10:23:39 - フォームサイズ: 幅=522, 高さ=662
2025-01-14 10:23:39 - 背景の位置: X=699, Y=173
2025-01-14 10:23:39 - アプリタイトル（freemake）の位置: X=12, Y=54
2025-01-14 10:23:39 - 数量ラベルの位置: X=12, Y=107
2025-01-14 10:23:39 - 数量テキストボックスの位置: X=121, Y=104
2025-01-14 10:23:39 - ＋ボタンの位置: X=246, Y=104
2025-01-14 10:23:39 - －ボタンの位置: X=364, Y=104
2025-01-14 10:23:39 - 時刻ラベルの位置: X=40, Y=183

2025-01-14 10:23:41 - 画面終了後に呼ばれるログ
2025-01-14 10:23:41 - フォームサイズ: 幅=522, 高さ=662
2025-01-14 10:23:41 - 背景の位置: X=699, Y=173
2025-01-14 10:23:41 - アプリタイトル（freemake）の位置: X=12, Y=54
2025-01-14 10:23:41 - 数量ラベルの位置: X=12, Y=107
2025-01-14 10:23:41 - 数量テキストボックスの位置: X=121, Y=104
2025-01-14 10:23:41 - ＋ボタンの位置: X=246, Y=104
2025-01-14 10:23:41 - －ボタンの位置: X=364, Y=104
2025-01-14 10:23:41 - 時刻ラベルの位置: X=40, Y=183

2025-01-14 10:23:59 - 実行後の呼ばれるログ
2025-01-14 10:23:59 - フォームサイズ: 幅=522, 高さ=662
2025-01-14 10:23:59 - 背景の位置: X=699, Y=173
2025-01-14 10:23:59 - アプリタイトル（freemake）の位置: X=12, Y=54
2025-01-14 10:23:59 - 数量ラベルの位置: X=12, Y=107
2025-01-14 10:23:59 - 数量テキストボックスの位置: X=121, Y=104
2025-01-14 10:23:59 - ＋ボタンの位置: X=246, Y=104
2025-01-14 10:23:59 - －ボタンの位置: X=364, Y=104
2025-01-14 10:23:59 - 時刻ラベルの位置: X=40, Y=183

2025-01-14 10:24:02 - 画面終了後に呼ばれるログ
2025-01-14 10:24:02 - フォームサイズ: 幅=522, 高さ=662
2025-01-14 10:24:02 - 背景の位置: X=699, Y=173
2025-01-14 10:24:02 - アプリタイトル（freemake）の位置: X=12, Y=54
2025-01-14 10:24:02 - 数量ラベルの位置: X=12, Y=107
2025-01-14 10:24:02 - 数量テキストボックスの位置: X=121, Y=104
2025-01-14 10:24:02 - ＋ボタンの位置: X=246, Y=104
2025-01-14 10:24:02 - －ボタンの位置: X=364, Y=104
2025-01-14 10:24:02 - 時刻ラベルの位置: X=40, Y=183

2025-01-14 10:27:46 - 実行後の呼ばれるログ
2025-01-14 10:27:46 - フォームサイズ: 幅=522, 高さ=662
2025-01-14 10:27:46 - 背景の位置: X=699, Y=173
2025-01-14 10:27:46 - アプリタイトル（freemake）の位置: X=12, Y=54
2025-01-14 10:27:46 - 数量ラベルの位置: X=12, Y=107
2025-01-14 10:27:46 - 数量テキストボックスの位置: X=121, Y=104
2025-01-14 10:27:46 - ＋ボタンの位置: X=246, Y=104
2025-01-14 10:27:46 - －ボタンの位置: X=364, Y=104
2025-01-14 10:27:46 - 時刻ラベルの位置: X=40, Y=183

2025-01-14 10:29:09 - 画面終了後に呼ばれるログ
2025-01-14 10:29:09 - フォームサイズ: 幅=522, 高さ=662
2025-01-14 10:29:09 - 背景の位置: X=699, Y=173
2025-01-14 10:29:09 - アプリタイトル（freemake）の位置: X=12, Y=54
2025-01-14 10:29:09 - 数量ラベルの位置: X=12, Y=107
2025-01-14 10:29:09 - 数量テキストボックスの位置: X=121, Y=104
2025-01-14 10:29:09 - ＋ボタンの位置: X=246, Y=104
2025-01-14 10:29:09 - －ボタンの位置: X=364, Y=104
2025-01-14 10:29:09 - 時刻ラベルの位置: X=40, Y=183

2025-01-14 10:31:23 - 実行後の呼ばれるログ
2025-01-14 10:31:23 - フォームサイズ: 幅=522, 高さ=662
2025-01-14 10:31:23 - 背景の位置: X=699, Y=173
2025-01-14 10:31:23 - アプリタイトル（freemake）の位置: X=12, Y=54
2025-01-14 10:31:23 - 数量ラベルの位置: X=12, Y=107
2025-01-14 10:31:23 - 数量テキストボックスの位置: X=121, Y=104
2025-01-14 10:31:23 - ＋ボタンの位置: X=246, Y=104
2025-01-14 10:31:23 - －ボタンの位置: X=364, Y=104
2025-01-14 10:31:23 - 時刻ラベルの位置: X=40, Y=183

2025-01-14 10:31:47 - 画面終了後に呼ばれるログ
2025-01-14 10:31:47 - フォームサイズ: 幅=522, 高さ=662
2025-01-14 10:31:47 - 背景の位置: X=699, Y=173
2025-01-14 10:31:47 - アプリタイトル（freemake）の位置: X=12, Y=54
2025-01-14 10:31:47 - 数量ラベルの位置: X=12, Y=107
2025-01-14 10:31:47 - 数量テキストボックスの位置: X=121, Y=104
2025-01-14 10:31:47 - ＋ボタンの位置: X=246, Y=104
2025-01-14 10:31:47 - －ボタンの位置: X=364, Y=104
2025-01-14 10:31:47 - 時刻ラベルの位置: X=40, Y=183

2025-01-14 10:31:47 - 実行後の呼ばれるログ
2025-01-14 10:31:47 - フォームサイズ: 幅=522, 高さ=662
2025-01-14 10:31:47 - 背景の位置: X=699, Y=173
2025-01-14 10:31:47 - アプリタイトル（freemake）の位置: X=12, Y=54
2025-01-14 10:31:47 - 数量ラベルの位置: X=12, Y=107
2025-01-14 10:31:47 - 数量テキストボックスの位置: X=121, Y=104
2025-01-14 10:31:47 - ＋ボタンの位置: X=246, Y=104
2025-01-14 10:31:47 - －ボタンの位置: X=364, Y=104
2025-01-14 10:31:47 - 時刻ラベルの位置: X=40, Y=183

2025-01-14 10:31:52 - 画面終了後に呼ばれるログ
2025-01-14 10:31:52 - フォームサイズ: 幅=522, 高さ=662
2025-01-14 10:31:52 - 背景の位置: X=699, Y=173
2025-01-14 10:31:52 - アプリタイトル（freemake）の位置: X=12, Y=54
2025-01-14 10:31:52 - 数量ラベルの位置: X=12, Y=107
2025-01-14 10:31:52 - 数量テキストボックスの位置: X=121, Y=104
2025-01-14 10:31:52 - ＋ボタンの位置: X=246, Y=104
2025-01-14 10:31:52 - －ボタンの位置: X=364, Y=104
2025-01-14 10:31:52 - 時刻ラベルの位置: X=40, Y=183

2025-01-14 10:31:56 - 実行後の呼ばれるログ
2025-01-14 10:31:56 - フォームサイズ: 幅=522, 高さ=662
2025-01-14 10:31:56 - 背景の位置: X=699, Y=173
2025-01-14 10:31:56 - アプリタイトル（freemake）の位置: X=12, Y=54
2025-01-14 10:31:56 - 数量ラベルの位置: X=12, Y=107
2025-01-14 10:31:56 - 数量テキストボックスの位置: X=121, Y=104
2025-01-14 10:31:56 - ＋ボタンの位置: X=246, Y=104
2025-01-14 10:31:56 - －ボタンの位置: X=364, Y=104
2025-01-14 10:31:56 - 時刻ラベルの位置: X=40, Y=183

2025-01-14 10:32:03 - 画面終了後に呼ばれるログ
2025-01-14 10:32:03 - フォームサイズ: 幅=522, 高さ=662
2025-01-14 10:32:03 - 背景の位置: X=699, Y=173
2025-01-14 10:32:03 - アプリタイトル（freemake）の位置: X=12, Y=54
2025-01-14 10:32:03 - 数量ラベルの位置: X=12, Y=107
2025-01-14 10:32:03 - 数量テキストボックスの位置: X=121, Y=104
2025-01-14 10:32:03 - ＋ボタンの位置: X=246, Y=104
2025-01-14 10:32:03 - －ボタンの位置: X=364, Y=104
2025-01-14 10:32:03 - 時刻ラベルの位置: X=40, Y=183

2025-01-14 10:32:58 - 実行後の呼ばれるログ
2025-01-14 10:32:58 - フォームサイズ: 幅=522, 高さ=662
2025-01-14 10:32:58 - 背景の位置: X=699, Y=173
2025-01-14 10:32:58 - アプリタイトル（freemake）の位置: X=12, Y=54
2025-01-14 10:32:58 - 数量ラベルの位置: X=12, Y=107
2025-01-14 10:32:58 - 数量テキストボックスの位置: X=121, Y=104
2025-01-14 10:32:58 - ＋ボタンの位置: X=246, Y=104
2025-01-14 10:32:58 - －ボタンの位置: X=364, Y=104
2025-01-14 10:32:58 - 時刻ラベルの位置: X=40, Y=183

2025-01-14 10:33:09 - 画面終了後に呼ばれるログ
2025-01-14 10:33:09 - フォームサイズ: 幅=522, 高さ=662
2025-01-14 10:33:09 - 背景の位置: X=699, Y=173
2025-01-14 10:33:09 - アプリタイトル（freemake）の位置: X=12, Y=54
2025-01-14 10:33:09 - 数量ラベルの位置: X=12, Y=107
2025-01-14 10:33:09 - 数量テキストボックスの位置: X=121, Y=104
2025-01-14 10:33:09 - ＋ボタンの位置: X=246, Y=104
2025-01-14 10:33:09 - －ボタンの位置: X=364, Y=104
2025-01-14 10:33:09 - 時刻ラベルの位置: X=40, Y=183

2025-01-14 10:34:04 - 実行後の呼ばれるログ
2025-01-14 10:34:04 - フォームサイズ: 幅=522, 高さ=662
2025-01-14 10:34:04 - 背景の位置: X=699, Y=173
2025-01-14 10:34:04 - アプリタイトル（freemake）の位置: X=12, Y=54
2025-01-14 10:34:04 - 数量ラベルの位置: X=12, Y=107
2025-01-14 10:34:04 - 数量テキストボックスの位置: X=121, Y=104
2025-01-14 10:34:04 - ＋ボタンの位置: X=246, Y=104
2025-01-14 10:34:04 - －ボタンの位置: X=364, Y=104
2025-01-14 10:34:04 - 時刻ラベルの位置: X=40, Y=183

2025-01-14 10:34:20 - 画面終了後に呼ばれるログ
2025-01-14 10:34:20 - フォームサイズ: 幅=522, 高さ=662
2025-01-14 10:34:20 - 背景の位置: X=761, Y=107
2025-01-14 10:34:20 - アプリタイトル（freemake）の位置: X=12, Y=54
2025-01-14 10:34:20 - 数量ラベルの位置: X=12, Y=107
2025-01-14 10:34:20 - 数量テキストボックスの位置: X=121, Y=104
2025-01-14 10:34:20 - ＋ボタンの位置: X=246, Y=104
2025-01-14 10:34:20 - －ボタンの位置: X=364, Y=104
2025-01-14 10:34:20 - 時刻ラベルの位置: X=40, Y=183

2025-01-14 10:34:25 - 実行後の呼ばれるログ
2025-01-14 10:34:25 - フォームサイズ: 幅=522, 高さ=662
2025-01-14 10:34:25 - 背景の位置: X=699, Y=173
2025-01-14 10:34:25 - アプリタイトル（freemake）の位置: X=12, Y=54
2025-01-14 10:34:25 - 数量ラベルの位置: X=12, Y=107
2025-01-14 10:34:25 - 数量テキストボックスの位置: X=121, Y=104
2025-01-14 10:34:25 - ＋ボタンの位置: X=246, Y=104
2025-01-14 10:34:25 - －ボタンの位置: X=364, Y=104
2025-01-14 10:34:25 - 時刻ラベルの位置: X=40, Y=183

2025-01-14 10:34:27 - 画面終了後に呼ばれるログ
2025-01-14 10:34:27 - フォームサイズ: 幅=522, 高さ=662
2025-01-14 10:34:27 - 背景の位置: X=699, Y=173
2025-01-14 10:34:27 - アプリタイトル（freemake）の位置: X=12, Y=54
2025-01-14 10:34:27 - 数量ラベルの位置: X=12, Y=107
2025-01-14 10:34:27 - 数量テキストボックスの位置: X=121, Y=104
2025-01-14 10:34:27 - ＋ボタンの位置: X=246, Y=104
2025-01-14 10:34:27 - －ボタンの位置: X=364, Y=104
2025-01-14 10:34:27 - 時刻ラベルの位置: X=40, Y=183

2025-01-14 10:43:39 - 実行後の呼ばれるログ
2025-01-14 10:43:39 - フォームサイズ: 幅=522, 高さ=662
2025-01-14 10:43:39 - 背景の位置: X=699, Y=173
2025-01-14 10:43:39 - アプリタイトル（freemake）の位置: X=12, Y=54
2025-01-14 10:43:39 - 数量ラベルの位置: X=12, Y=107
2025-01-14 10:43:39 - 数量テキストボックスの位置: X=121, Y=104
2025-01-14 10:43:39 - ＋ボタンの位置: X=246, Y=104
2025-01-14 10:43:39 - －ボタンの位置: X=364, Y=104
2025-01-14 10:43:39 - 時刻ラベルの位置: X=40, Y=183

2025-01-14 10:43:43 - 画面終了後に呼ばれるログ
2025-01-14 10:43:43 - フォームサイズ: 幅=522, 高さ=662
2025-01-14 10:43:43 - 背景の位置: X=699, Y=173
2025-01-14 10:43:43 - アプリタイトル（freemake）の位置: X=12, Y=54
2025-01-14 10:43:43 - 数量ラベルの位置: X=12, Y=107
2025-01-14 10:43:43 - 数量テキストボックスの位置: X=121, Y=104
2025-01-14 10:43:43 - ＋ボタンの位置: X=246, Y=104
2025-01-14 10:43:43 - －ボタンの位置: X=364, Y=104
2025-01-14 10:43:43 - 時刻ラベルの位置: X=40, Y=183

2025-01-14 10:43:54 - 実行後の呼ばれるログ
2025-01-14 10:43:54 - フォームサイズ: 幅=522, 高さ=662
2025-01-14 10:43:54 - 背景の位置: X=699, Y=173
2025-01-14 10:43:54 - アプリタイトル（freemake）の位置: X=12, Y=54
2025-01-14 10:43:54 - 数量ラベルの位置: X=12, Y=107
2025-01-14 10:43:54 - 数量テキストボックスの位置: X=121, Y=104
2025-01-14 10:43:54 - ＋ボタンの位置: X=246, Y=104
2025-01-14 10:43:54 - －ボタンの位置: X=364, Y=104
2025-01-14 10:43:54 - 時刻ラベルの位置: X=40, Y=183

2025-01-14 10:44:09 - 画面終了後に呼ばれるログ
2025-01-14 10:44:09 - フォームサイズ: 幅=522, 高さ=662
2025-01-14 10:44:09 - 背景の位置: X=699, Y=173
2025-01-14 10:44:09 - アプリタイトル（freemake）の位置: X=12, Y=54
2025-01-14 10:44:09 - 数量ラベルの位置: X=12, Y=107
2025-01-14 10:44:09 - 数量テキストボックスの位置: X=121, Y=104
2025-01-14 10:44:09 - ＋ボタンの位置: X=246, Y=104
2025-01-14 10:44:09 - －ボタンの位置: X=364, Y=104
2025-01-14 10:44:09 - 時刻ラベルの位置: X=40, Y=183

2025-01-14 10:44:11 - 実行後の呼ばれるログ
2025-01-14 10:44:11 - フォームサイズ: 幅=522, 高さ=662
2025-01-14 10:44:11 - 背景の位置: X=699, Y=173
2025-01-14 10:44:11 - アプリタイトル（freemake）の位置: X=12, Y=54
2025-01-14 10:44:11 - 数量ラベルの位置: X=12, Y=107
2025-01-14 10:44:11 - 数量テキストボックスの位置: X=121, Y=104
2025-01-14 10:44:11 - ＋ボタンの位置: X=246, Y=104
2025-01-14 10:44:11 - －ボタンの位置: X=364, Y=104
2025-01-14 10:44:11 - 時刻ラベルの位置: X=40, Y=183

2025-01-14 10:44:13 - 画面終了後に呼ばれるログ
2025-01-14 10:44:13 - フォームサイズ: 幅=522, 高さ=662
2025-01-14 10:44:13 - 背景の位置: X=699, Y=173
2025-01-14 10:44:13 - アプリタイトル（freemake）の位置: X=12, Y=54
2025-01-14 10:44:13 - 数量ラベルの位置: X=12, Y=107
2025-01-14 10:44:13 - 数量テキストボックスの位置: X=121, Y=104
2025-01-14 10:44:13 - ＋ボタンの位置: X=246, Y=104
2025-01-14 10:44:13 - －ボタンの位置: X=364, Y=104
2025-01-14 10:44:13 - 時刻ラベルの位置: X=40, Y=183

2025-01-14 10:45:30 - 実行後の呼ばれるログ
2025-01-14 10:45:30 - フォームサイズ: 幅=522, 高さ=662
2025-01-14 10:45:30 - 背景の位置: X=699, Y=173
2025-01-14 10:45:30 - アプリタイトル（freemake）の位置: X=12, Y=54
2025-01-14 10:45:30 - 数量ラベルの位置: X=12, Y=107
2025-01-14 10:45:30 - 数量テキストボックスの位置: X=121, Y=104
2025-01-14 10:45:30 - ＋ボタンの位置: X=246, Y=104
2025-01-14 10:45:30 - －ボタンの位置: X=364, Y=104
2025-01-14 10:45:30 - 時刻ラベルの位置: X=40, Y=183

2025-01-14 10:47:25 - 画面終了後に呼ばれるログ
2025-01-14 10:47:25 - フォームサイズ: 幅=522, 高さ=662
2025-01-14 10:47:25 - 背景の位置: X=699, Y=173
2025-01-14 10:47:25 - アプリタイトル（freemake）の位置: X=12, Y=54
2025-01-14 10:47:25 - 数量ラベルの位置: X=12, Y=107
2025-01-14 10:47:25 - 数量テキストボックスの位置: X=121, Y=104
2025-01-14 10:47:25 - ＋ボタンの位置: X=246, Y=104
2025-01-14 10:47:25 - －ボタンの位置: X=364, Y=104
2025-01-14 10:47:25 - 時刻ラベルの位置: X=40, Y=183

2025-01-14 10:47:27 - 実行後の呼ばれるログ
2025-01-14 10:47:27 - フォームサイズ: 幅=522, 高さ=662
2025-01-14 10:47:27 - 背景の位置: X=699, Y=173
2025-01-14 10:47:27 - アプリタイトル（freemake）の位置: X=12, Y=54
2025-01-14 10:47:27 - 数量ラベルの位置: X=12, Y=107
2025-01-14 10:47:27 - 数量テキストボックスの位置: X=121, Y=104
2025-01-14 10:47:27 - ＋ボタンの位置: X=246, Y=104
2025-01-14 10:47:27 - －ボタンの位置: X=364, Y=104
2025-01-14 10:47:27 - 時刻ラベルの位置: X=40, Y=183

2025-01-14 10:47:41 - 画面終了後に呼ばれるログ
2025-01-14 10:47:41 - フォームサイズ: 幅=522, 高さ=662
2025-01-14 10:47:41 - 背景の位置: X=699, Y=173
2025-01-14 10:47:41 - アプリタイトル（freemake）の位置: X=12, Y=54
2025-01-14 10:47:41 - 数量ラベルの位置: X=12, Y=107
2025-01-14 10:47:41 - 数量テキストボックスの位置: X=121, Y=104
2025-01-14 10:47:41 - ＋ボタンの位置: X=246, Y=104
2025-01-14 10:47:41 - －ボタンの位置: X=364, Y=104
2025-01-14 10:47:41 - 時刻ラベルの位置: X=40, Y=183

2025-01-14 10:47:51 - 実行後の呼ばれるログ
2025-01-14 10:47:51 - フォームサイズ: 幅=522, 高さ=662
2025-01-14 10:47:51 - 背景の位置: X=699, Y=173
2025-01-14 10:47:51 - アプリタイトル（freemake）の位置: X=12, Y=54
2025-01-14 10:47:51 - 数量ラベルの位置: X=12, Y=107
2025-01-14 10:47:51 - 数量テキストボックスの位置: X=121, Y=104
2025-01-14 10:47:51 - ＋ボタンの位置: X=246, Y=104
2025-01-14 10:47:51 - －ボタンの位置: X=364, Y=104
2025-01-14 10:47:51 - 時刻ラベルの位置: X=40, Y=183

2025-01-14 10:48:00 - 画面終了後に呼ばれるログ
2025-01-14 10:48:00 - フォームサイズ: 幅=522, 高さ=662
2025-01-14 10:48:00 - 背景の位置: X=699, Y=173
2025-01-14 10:48:00 - アプリタイトル（freemake）の位置: X=12, Y=54
2025-01-14 10:48:00 - 数量ラベルの位置: X=12, Y=107
2025-01-14 10:48:00 - 数量テキストボックスの位置: X=121, Y=104
2025-01-14 10:48:00 - ＋ボタンの位置: X=246, Y=104
2025-01-14 10:48:00 - －ボタンの位置: X=364, Y=104
2025-01-14 10:48:00 - 時刻ラベルの位置: X=40, Y=183

